<?xml version="1.0" encoding="UTF-8"?>
<testng-results ignored="0" total="1" passed="1" failed="0" skipped="0">
  <reporter-output>
  </reporter-output>
  <suite started-at="2020-04-04T07:16:24Z" name="Default suite" finished-at="2020-04-04T07:19:13Z" duration-ms="169583">
    <groups>
    </groups>
    <test started-at="2020-04-04T07:16:24Z" name="Default test" finished-at="2020-04-04T07:19:13Z" duration-ms="169583">
      <class name="TestCases.FindCoronaCount">
        <test-method is-config="true" signature="getMetaData()[pri:0, instance:TestCases.FindCoronaCount@7bd4937b]" started-at="2020-04-04T07:16:24Z" name="getMetaData" finished-at="2020-04-04T07:16:24Z" duration-ms="32" status="PASS">
          <reporter-output>
          </reporter-output>
        </test-method> <!-- getMetaData -->
        <test-method is-config="true" signature="GetTestName()[pri:0, instance:TestCases.FindCoronaCount@7bd4937b]" started-at="2020-04-04T07:16:24Z" name="GetTestName" finished-at="2020-04-04T07:16:24Z" duration-ms="1" status="PASS">
          <reporter-output>
          </reporter-output>
        </test-method> <!-- GetTestName -->
        <test-method is-config="true" signature="LaunchBrowser(java.lang.reflect.Method)[pri:0, instance:TestCases.FindCoronaCount@7bd4937b]" started-at="2020-04-04T07:16:24Z" name="LaunchBrowser" finished-at="2020-04-04T07:17:45Z" duration-ms="81327" status="PASS">
          <params>
            <param index="0">
              <value>
                <![CDATA[public void TestCases.FindCoronaCount.FindCount()]]>
              </value>
            </param>
          </params>
          <reporter-output>
          </reporter-output>
        </test-method> <!-- LaunchBrowser -->
        <test-method signature="FindCount()[pri:0, instance:TestCases.FindCoronaCount@7bd4937b]" started-at="2020-04-04T07:17:45Z" name="FindCount" finished-at="2020-04-04T07:19:10Z" duration-ms="84348" status="PASS">
          <reporter-output>
          </reporter-output>
        </test-method> <!-- FindCount -->
        <test-method is-config="true" signature="CloseBrowser(org.testng.ITestResult)[pri:0, instance:TestCases.FindCoronaCount@7bd4937b]" started-at="2020-04-04T07:19:10Z" name="CloseBrowser" finished-at="2020-04-04T07:19:13Z" duration-ms="3794" status="PASS">
          <params>
            <param index="0">
              <value>
                <![CDATA[[TestResult name=FindCount status=SUCCESS method=FindCoronaCount.FindCount()[pri:0, instance:TestCases.FindCoronaCount@7bd4937b] output={null}]]]>
              </value>
            </param>
          </params>
          <reporter-output>
          </reporter-output>
        </test-method> <!-- CloseBrowser -->
      </class> <!-- TestCases.FindCoronaCount -->
    </test> <!-- Default test -->
  </suite> <!-- Default suite -->
</testng-results>
